Running Spatter version 0.4
Compiler: SPAT_C_NAME ver. "2021.3.0.20210609"
Compiler Location: "/net/tools/intel/oneapi/2021.3/compiler/2021.3.0/linux/bin/intel64/icc"
Backend: OPENMP
Aggregate Results? YES

Run Configurations
[ {'name':'UNIFORM', 'kernel':'Gather', 'pattern':[0,1,2,3,4,5,6,7], 'delta':8, 'length':1024, 'agg':10, 'wrap':1, 'threads':1} ]

config  time(s)      bw(MB/s)
<Starting application /nethome/vhuang31/spatter/build_omp_intel_dynamorio/spatter (11538)>
<Initial options = -no_dynamic_options -client_lib '/nethome/vhuang31/dr-gather-scatter-trace/client/build/libcount_client.so;0;' -client_lib64 '/nethome/vhuang31/dr-gather-scatter-trace/client/build/libcount_client.so;0;' -code_api -stack_size 56K -signal_stack_size 32K -max_elide_jmp 0 -max_elide_call 0 -no_inline_ignored_syscalls -native_exec_default_list '' -no_native_exec_managed_code -no_indcall2direct >
<Paste into GDB to debug DynamoRIO clients:
set confirm off
add-symbol-file '/nethome/vhuang31/dr-gather-scatter-trace/client/build/libcount_client.so' 0x0000000072023d70
add-symbol-file '/nethome/vhuang31/DynamoRIO-Linux-8.0.18895/ext/lib64/debug/libdrx.so' 0x00000000770053f0
add-symbol-file '/nethome/vhuang31/DynamoRIO-Linux-8.0.18895/ext/lib64/debug/libdrreg.so' 0x0000000078003d50
add-symbol-file '/nethome/vhuang31/DynamoRIO-Linux-8.0.18895/ext/lib64/debug/libdrmgr.so' 0x0000000073004cb0
add-symbol-file '/usr/lib/x86_64-linux-gnu/libstdc++.so.6' 0x00007fe1800e4490
add-symbol-file '/lib/x86_64-linux-gnu/libm.so.6' 0x00007fe14004da80
add-symbol-file '/lib/x86_64-linux-gnu/libc.so.6' 0x00007fde7bc2e2d0
add-symbol-file '/lib64/ld-linux-x86-64.so.2' 0x00007fe1041a6f10
add-symbol-file '/lib/x86_64-linux-gnu/libgcc_s.so.1' 0x00007fe0c01bcac0
>
Client opcodes is running
<Attached to 1/64 threads in application /nethome/vhuang31/spatter/build_omp_intel_dynamorio/spatter (11538)>
<Attached to 51/64 threads in application /nethome/vhuang31/spatter/build_omp_intel_dynamorio/spatter (11538)>
<Attached to 64 threads in application /nethome/vhuang31/spatter/build_omp_intel_dynamorio/spatter (11538)>
<Detaching from application /nethome/vhuang31/spatter/build_omp_intel_dynamorio/spatter (11538)>
<Detaching from process, entering final cleanup>
BEGIN JSON DATA
{"vgatherqpd": {
    "zmm2": [
            {
                "prev_dist": "00000000000000000000000000000000000000000000000000000000000000000000000000000000000000000000000000000000000000000000000000000000",
                "patt_val":  "00000000000000070000000000000006000000000000000500000000000000040000000000000003000000000000000200000000000000010000000000000000",
                "delta":     "00000000000000000000000000000000000000000000000000000000000000000000000000000000000000000000000000000000000000000000000000000000",
                "num_occ":   "11263",
                "is_dst":    "false"
            }
    ],
    "r15": [
            {
                "prev_dist": "000000000000",
                "patt_val":  "000000db46c0",
                "delta":     "-000000000040",
                "num_occ":   "1023",
                "is_dst":    "false"
            },
            {
                "prev_dist": "00000000ffc0",
                "patt_val":  "000000db46c0",
                "delta":     "-000000000040",
                "num_occ":   "1023",
                "is_dst":    "false"
            },
            {
                "prev_dist": "00000000ffc0",
                "patt_val":  "000000db46c0",
                "delta":     "-000000000040",
                "num_occ":   "1023",
                "is_dst":    "false"
            },
            {
                "prev_dist": "00000000ffc0",
                "patt_val":  "000000db46c0",
                "delta":     "-000000000040",
                "num_occ":   "1023",
                "is_dst":    "false"
            },
            {
                "prev_dist": "00000000ffc0",
                "patt_val":  "000000db46c0",
                "delta":     "-000000000040",
                "num_occ":   "1023",
                "is_dst":    "false"
            },
            {
                "prev_dist": "00000000ffc0",
                "patt_val":  "000000db46c0",
                "delta":     "-000000000040",
                "num_occ":   "1023",
                "is_dst":    "false"
            },
            {
                "prev_dist": "00000000ffc0",
                "patt_val":  "000000db46c0",
                "delta":     "-000000000040",
                "num_occ":   "1023",
                "is_dst":    "false"
            },
            {
                "prev_dist": "00000000ffc0",
                "patt_val":  "000000db46c0",
                "delta":     "-000000000040",
                "num_occ":   "1023",
                "is_dst":    "false"
            },
            {
                "prev_dist": "00000000ffc0",
                "patt_val":  "000000db46c0",
                "delta":     "-000000000040",
                "num_occ":   "1023",
                "is_dst":    "false"
            },
            {
                "prev_dist": "00000000ffc0",
                "patt_val":  "000000db46c0",
                "delta":     "-000000000040",
                "num_occ":   "1023",
                "is_dst":    "false"
            },
            {
                "prev_dist": "00000000ffc0",
                "patt_val":  "000000db46c0",
                "delta":     "-000000000040",
                "num_occ":   "1023",
                "is_dst":    "false"
            }
    ],
    "zmm3": [
            {
                "prev_dist": "00000000000000000000000000000000000000000000000000000000000000000000000000000000000000000000000000000000000000000000000000000000",
                "patt_val":  "00000000000000000000000000000000000000000000000000000000000000000000000000000000000000000000000000000000000000000000000000000000",
                "delta":     "00000000000000000000000000000000000000000000000000000000000000000000000000000000000000000000000000000000000000000000000000000000",
                "num_occ":   "11263",
                "is_dst":    "true"
            }
    ],
    "k1": [
            {
                "prev_dist": "000000000000",
                "patt_val":  "00000000ffff",
                "delta":     "000000000000",
                "num_occ":   "11263",
                "is_dst":    "true"
            }
    ]}}
END JSON DATA
0       0.07919      0.827583

Min         25%          Med          75%          Max
0.827583     0.827583     0.827583     0.827583     0.827583
H.Mean       H.StdErr
0.827583     0