<Starting application /nethome/vhuang31/spatter/build_omp_intel_dynamorio/spatter (9622)>
<Initial options = -no_dynamic_options -client_lib '/nethome/vhuang31/dr-gather-scatter-trace/client/build/libcount_client.so;0;' -client_lib64 '/nethome/vhuang31/dr-gather-scatter-trace/client/build/libcount_client.so;0;' -code_api -stack_size 56K -signal_stack_size 32K -max_elide_jmp 0 -max_elide_call 0 -no_inline_ignored_syscalls -native_exec_default_list '' -no_native_exec_managed_code -no_indcall2direct >
<Paste into GDB to debug DynamoRIO clients:
set confirm off
add-symbol-file '/nethome/vhuang31/dr-gather-scatter-trace/client/build/libcount_client.so' 0x0000000072023d70
add-symbol-file '/nethome/vhuang31/DynamoRIO-Linux-8.0.18895/ext/lib64/debug/libdrx.so' 0x00000000770053f0
add-symbol-file '/nethome/vhuang31/DynamoRIO-Linux-8.0.18895/ext/lib64/debug/libdrreg.so' 0x0000000078003d50
add-symbol-file '/nethome/vhuang31/DynamoRIO-Linux-8.0.18895/ext/lib64/debug/libdrmgr.so' 0x0000000073004cb0
add-symbol-file '/usr/lib/x86_64-linux-gnu/libstdc++.so.6' 0x00007ffb000e4490
add-symbol-file '/lib/x86_64-linux-gnu/libm.so.6' 0x00007ffabc045a80
add-symbol-file '/lib/x86_64-linux-gnu/libc.so.6' 0x00007ffa3e01a2d0
add-symbol-file '/lib64/ld-linux-x86-64.so.2' 0x00007ffa7c1a6f10
add-symbol-file '/lib/x86_64-linux-gnu/libgcc_s.so.1' 0x00007ffa3dde2ac0
>
Client opcodes is running
<Attached to 1/64 threads in application /nethome/vhuang31/spatter/build_omp_intel_dynamorio/spatter (9622)>
<Attached to 51/64 threads in application /nethome/vhuang31/spatter/build_omp_intel_dynamorio/spatter (9622)>
<Attached to 64 threads in application /nethome/vhuang31/spatter/build_omp_intel_dynamorio/spatter (9622)>
<Detaching from application /nethome/vhuang31/spatter/build_omp_intel_dynamorio/spatter (9622)>
<Detaching from process, entering final cleanup>
BEGIN JSON DATA
{"vscatterqpd": {
    "k1": [
            {
                "prev_dist": "000000000000",
                "patt_val":  "0000000000ff",
                "delta":     "000000000000",
                "num_occ":   "45055",
                "is_dst":    "true"
            }
    ],
    "zmm5": [
            {
                "prev_dist": "00000000000000000000000000000000000000000000000000000000000000000000000000000000000000000000000000000000000000000000000000000000",
                "patt_val":  "00000000000000010000000001d622a2000000000000000d0000000001d61e6000000000000000010000000001d6229d000000000000000c0000000001d61e60",
                "delta":     "00000000000000000000000000000000000000000000000000000000000000000000000000000000000000000000000000000000000000000000000000000000",
                "num_occ":   "45055",
                "is_dst":    "false"
            }
    ],
    "r15": [
            {
                "prev_dist": "000000000000",
                "patt_val":  "000001d8d980",
                "delta":     "-000000000040",
                "num_occ":   "1023",
                "is_dst":    "true"
            },
            {
                "prev_dist": "00000000ffc0",
                "patt_val":  "000001d8d980",
                "delta":     "-000000000040",
                "num_occ":   "1023",
                "is_dst":    "true"
            },
            {
                "prev_dist": "00000000ffc0",
                "patt_val":  "000001d8d980",
                "delta":     "-000000000040",
                "num_occ":   "1023",
                "is_dst":    "true"
            },
            {
                "prev_dist": "00000000ffc0",
                "patt_val":  "000001d8d980",
                "delta":     "-000000000040",
                "num_occ":   "1023",
                "is_dst":    "true"
            },
            {
                "prev_dist": "00000000ffc0",
                "patt_val":  "000001d8d980",
                "delta":     "-000000000040",
                "num_occ":   "1023",
                "is_dst":    "true"
            },
            {
                "prev_dist": "00000000ffc0",
                "patt_val":  "000001d8d980",
                "delta":     "-000000000040",
                "num_occ":   "1023",
                "is_dst":    "true"
            },
            {
                "prev_dist": "00000000ffc0",
                "patt_val":  "000001d8d980",
                "delta":     "-000000000040",
                "num_occ":   "1023",
                "is_dst":    "true"
            },
            {
                "prev_dist": "00000000ffc0",
                "patt_val":  "000001d8d980",
                "delta":     "-000000000040",
                "num_occ":   "1023",
                "is_dst":    "true"
            },
            {
                "prev_dist": "00000000ffc0",
                "patt_val":  "000001d8d980",
                "delta":     "-000000000040",
                "num_occ":   "1023",
                "is_dst":    "true"
            },
            {
                "prev_dist": "00000000ffc0",
                "patt_val":  "000001d8d980",
                "delta":     "-000000000040",
                "num_occ":   "1023",
                "is_dst":    "true"
            },
            {
                "prev_dist": "00000000ffc0",
                "patt_val":  "000001d8d980",
                "delta":     "-000000000040",
                "num_occ":   "1023",
                "is_dst":    "true"
            },
            {
                "prev_dist": "00000000ffc0",
                "patt_val":  "000001d8d980",
                "delta":     "-000000000080",
                "num_occ":   "2047",
                "is_dst":    "true"
            },
            {
                "prev_dist": "00000003ff80",
                "patt_val":  "000001d8d980",
                "delta":     "-000000000080",
                "num_occ":   "2047",
                "is_dst":    "true"
            },
            {
                "prev_dist": "00000003ff80",
                "patt_val":  "000001d8d980",
                "delta":     "-000000000080",
                "num_occ":   "2047",
                "is_dst":    "true"
            },
            {
                "prev_dist": "00000003ff80",
                "patt_val":  "000001d8d980",
                "delta":     "-000000000080",
                "num_occ":   "2047",
                "is_dst":    "true"
            },
            {
                "prev_dist": "00000003ff80",
                "patt_val":  "000001d8d980",
                "delta":     "-000000000080",
                "num_occ":   "2047",
                "is_dst":    "true"
            },
            {
                "prev_dist": "00000003ff80",
                "patt_val":  "000001d8d980",
                "delta":     "-000000000080",
                "num_occ":   "2047",
                "is_dst":    "true"
            },
            {
                "prev_dist": "00000003ff80",
                "patt_val":  "000001d8d980",
                "delta":     "-000000000080",
                "num_occ":   "2047",
                "is_dst":    "true"
            },
            {
                "prev_dist": "00000003ff80",
                "patt_val":  "000001d8d980",
                "delta":     "-000000000080",
                "num_occ":   "2047",
                "is_dst":    "true"
            },
            {
                "prev_dist": "00000003ff80",
                "patt_val":  "000001d8d980",
                "delta":     "-000000000080",
                "num_occ":   "2047",
                "is_dst":    "true"
            },
            {
                "prev_dist": "00000003ff80",
                "patt_val":  "000001d8d980",
                "delta":     "-000000000080",
                "num_occ":   "2047",
                "is_dst":    "true"
            },
            {
                "prev_dist": "00000003ff80",
                "patt_val":  "000001d8d980",
                "delta":     "-000000000080",
                "num_occ":   "2047",
                "is_dst":    "true"
            },
            {
                "prev_dist": "00000003ff80",
                "patt_val":  "000001d8d980",
                "delta":     "-000000000100",
                "num_occ":   "1023",
                "is_dst":    "true"
            },
            {
                "prev_dist": "00000003ff00",
                "patt_val":  "000001d8d980",
                "delta":     "-000000000100",
                "num_occ":   "1023",
                "is_dst":    "true"
            },
            {
                "prev_dist": "00000003ff00",
                "patt_val":  "000001d8d980",
                "delta":     "-000000000100",
                "num_occ":   "1023",
                "is_dst":    "true"
            },
            {
                "prev_dist": "00000003ff00",
                "patt_val":  "000001d8d980",
                "delta":     "-000000000100",
                "num_occ":   "1023",
                "is_dst":    "true"
            },
            {
                "prev_dist": "00000003ff00",
                "patt_val":  "000001d8d980",
                "delta":     "-000000000100",
                "num_occ":   "1023",
                "is_dst":    "true"
            },
            {
                "prev_dist": "00000003ff00",
                "patt_val":  "000001d8d980",
                "delta":     "-000000000100",
                "num_occ":   "1023",
                "is_dst":    "true"
            },
            {
                "prev_dist": "00000003ff00",
                "patt_val":  "000001d8d980",
                "delta":     "-000000000100",
                "num_occ":   "1023",
                "is_dst":    "true"
            },
            {
                "prev_dist": "00000003ff00",
                "patt_val":  "000001d8d980",
                "delta":     "-000000000100",
                "num_occ":   "1023",
                "is_dst":    "true"
            },
            {
                "prev_dist": "00000003ff00",
                "patt_val":  "000001d8d980",
                "delta":     "-000000000100",
                "num_occ":   "1023",
                "is_dst":    "true"
            },
            {
                "prev_dist": "00000003ff00",
                "patt_val":  "000001d8d980",
                "delta":     "-000000000100",
                "num_occ":   "1023",
                "is_dst":    "true"
            },
            {
                "prev_dist": "00000003ff00",
                "patt_val":  "000001d8d980",
                "delta":     "-000000000100",
                "num_occ":   "1023",
                "is_dst":    "true"
            }
    ],
    "zmm4": [
            {
                "prev_dist": "00000000000000000000000000000000000000000000000000000000000000000000000000000000000000000000000000000000000000000000000000000000",
                "patt_val":  "00000000000000070000000000000006000000000000000500000000000000040000000000000003000000000000000200000000000000010000000000000000",
                "delta":     "00000000000000000000000000000000000000000000000000000000000000000000000000000000000000000000000000000000000000000000000000000000",
                "num_occ":   "11263",
                "is_dst":    "true"
            },
            {
                "prev_dist": "00000000000000070000000000000006000000000000000500000000000000040000000000000003000000000000000200000000000000010000000000000000",
                "patt_val":  "000000000000000e000000000000000c000000000000000a00000000000000080000000000000006000000000000000400000000000000020000000000000000",
                "delta":     "00000000000000000000000000000000000000000000000000000000000000000000000000000000000000000000000000000000000000000000000000000000",
                "num_occ":   "22527",
                "is_dst":    "true"
            },
            {
                "prev_dist": "000000000000000e000000000000000c000000000000000a00000000000000080000000000000006000000000000000400000000000000020000000000000000",
                "patt_val":  "000000000000001c000000000000001800000000000000140000000000000010000000000000000c000000000000000800000000000000040000000000000000",
                "delta":     "00000000000000000000000000000000000000000000000000000000000000000000000000000000000000000000000000000000000000000000000000000000",
                "num_occ":   "11263",
                "is_dst":    "true"
            }
    ]}}
END JSON DATA
FILE found.

Running Spatter version 0.4
Compiler: SPAT_C_NAME ver. "2021.3.0.20210609"
Compiler Location: "/net/tools/intel/oneapi/2021.3/compiler/2021.3.0/linux/bin/intel64/icc"
Backend: OPENMP
Aggregate Results? YES

Run Configurations
[ {'name':'UNIFORM', 'kernel':'Scatter', 'pattern':[0,1,2,3,4,5,6,7], 'delta':8, 'length':1024, 'agg':10, 'wrap':1, 'threads':1},
  {'name':'UNIFORM', 'kernel':'Scatter', 'pattern':[0,2,4,6,8,10,12,14], 'delta':16, 'length':2048, 'agg':10, 'wrap':1, 'threads':1},
  {'name':'UNIFORM', 'kernel':'Scatter', 'pattern':[0,4,8,12,16,20,24,28], 'delta':32, 'length':1024, 'agg':10, 'wrap':1, 'threads':1} ]

config  time(s)      bw(MB/s)
0       0.08304      0.789208
1       0.1594       0.822179
2       0.07974      0.821852

Min         25%          Med          75%          Max
0.789208     0.789208     0.821852     0.822179     0.822179
H.Mean       H.StdErr
0.81078      0.0090481