<Starting application /nethome/vhuang31/spatter/build_omp_intel_dynamorio/spatter (17376)>
<Initial options = -no_dynamic_options -client_lib '/nethome/vhuang31/dr-gather-scatter-trace/client/build/libcount_client.so;0;' -client_lib64 '/nethome/vhuang31/dr-gather-scatter-trace/client/build/libcount_client.so;0;' -code_api -stack_size 56K -signal_stack_size 32K -max_elide_jmp 0 -max_elide_call 0 -no_inline_ignored_syscalls -native_exec_default_list '' -no_native_exec_managed_code -no_indcall2direct >
<Paste into GDB to debug DynamoRIO clients:
set confirm off
add-symbol-file '/nethome/vhuang31/dr-gather-scatter-trace/client/build/libcount_client.so' 0x0000000072023d70
add-symbol-file '/nethome/vhuang31/DynamoRIO-Linux-8.0.18895/ext/lib64/debug/libdrx.so' 0x00000000770053f0
add-symbol-file '/nethome/vhuang31/DynamoRIO-Linux-8.0.18895/ext/lib64/debug/libdrreg.so' 0x0000000078003d50
add-symbol-file '/nethome/vhuang31/DynamoRIO-Linux-8.0.18895/ext/lib64/debug/libdrmgr.so' 0x0000000073004cb0
add-symbol-file '/usr/lib/x86_64-linux-gnu/libstdc++.so.6' 0x00007fcd44099490
add-symbol-file '/lib/x86_64-linux-gnu/libm.so.6' 0x00007fcd0404da80
add-symbol-file '/lib/x86_64-linux-gnu/libc.so.6' 0x00007fcc3fc2f2d0
add-symbol-file '/lib64/ld-linux-x86-64.so.2' 0x00007fccc01a6f10
add-symbol-file '/lib/x86_64-linux-gnu/libgcc_s.so.1' 0x00007fcc7c1bcac0
>
Client opcodes is running
<Attached to 1/64 threads in application /nethome/vhuang31/spatter/build_omp_intel_dynamorio/spatter (17376)>
<Attached to 51/64 threads in application /nethome/vhuang31/spatter/build_omp_intel_dynamorio/spatter (17376)>
<Attached to 64 threads in application /nethome/vhuang31/spatter/build_omp_intel_dynamorio/spatter (17376)>
<Detaching from application /nethome/vhuang31/spatter/build_omp_intel_dynamorio/spatter (17376)>
<Detaching from process, entering final cleanup>
BEGIN JSON DATA
{"vgatherqpd": {
    "zmm2": [
            {
                "prev_dist": "00000000000000000000000000000000000000000000000000000000000000000000000000000000000000000000000000000000000000000000000000000000",
                "patt_val":  "00000000000000070000000000000006000000000000000500000000000000040000000000000003000000000000000200000000000000010000000000000000",
                "delta":     "00000000000000000000000000000000000000000000000000000000000000000000000000000000000000000000000000000000000000000000000000000000",
                "num_occ":   "274999",
                "is_dst":    "false"
            },
            {
                "prev_dist": "00000000000000070000000000000006000000000000000500000000000000040000000000000003000000000000000200000000000000010000000000000000",
                "patt_val":  "000000000000000e000000000000000c000000000000000a00000000000000080000000000000006000000000000000400000000000000020000000000000000",
                "delta":     "00000000000000000000000000000000000000000000000000000000000000000000000000000000000000000000000000000000000000000000000000000000",
                "num_occ":   "137499",
                "is_dst":    "false"
            },
            {
                "prev_dist": "000000000000000e000000000000000c000000000000000a00000000000000080000000000000006000000000000000400000000000000020000000000000000",
                "patt_val":  "000000000000001c000000000000001800000000000000140000000000000010000000000000000c000000000000000800000000000000040000000000000000",
                "delta":     "00000000000000000000000000000000000000000000000000000000000000000000000000000000000000000000000000000000000000000000000000000000",
                "num_occ":   "687499",
                "is_dst":    "false"
            },
            {
                "prev_dist": "000000000000001c000000000000001800000000000000140000000000000010000000000000000c000000000000000800000000000000040000000000000000",
                "patt_val":  "00000000000000380000000000000030000000000000002800000000000000200000000000000018000000000000001000000000000000080000000000000000",
                "delta":     "00000000000000000000000000000000000000000000000000000000000000000000000000000000000000000000000000000000000000000000000000000000",
                "num_occ":   "343749",
                "is_dst":    "false"
            },
            {
                "prev_dist": "00000000000000380000000000000030000000000000002800000000000000200000000000000018000000000000001000000000000000080000000000000000",
                "patt_val":  "00000000000000700000000000000060000000000000005000000000000000400000000000000030000000000000002000000000000000100000000000000000",
                "delta":     "00000000000000000000000000000000000000000000000000000000000000000000000000000000000000000000000000000000000000000000000000000000",
                "num_occ":   "171874",
                "is_dst":    "false"
            },
            {
                "prev_dist": "00000000000000700000000000000060000000000000005000000000000000400000000000000030000000000000002000000000000000100000000000000000",
                "patt_val":  "00000000000000e000000000000000c000000000000000a000000000000000800000000000000060000000000000004000000000000000200000000000000000",
                "delta":     "00000000000000000000000000000000000000000000000000000000000000000000000000000000000000000000000000000000000000000000000000000000",
                "num_occ":   "859374",
                "is_dst":    "false"
            },
            {
                "prev_dist": "00000000000000e000000000000000c000000000000000a000000000000000800000000000000060000000000000004000000000000000200000000000000000",
                "patt_val":  "00000000000001c000000000000001800000000000000140000000000000010000000000000000c0000000000000008000000000000000400000000000000000",
                "delta":     "00000000000000000000000000000000000000000000000000000000000000000000000000000000000000000000000000000000000000000000000000000000",
                "num_occ":   "429681",
                "is_dst":    "false"
            },
            {
                "prev_dist": "00000000000001c000000000000001800000000000000140000000000000010000000000000000c0000000000000008000000000000000400000000000000000",
                "patt_val":  "00000000000003800000000000000300000000000000028000000000000002000000000000000180000000000000010000000000000000800000000000000000",
                "delta":     "00000000000000000000000000000000000000000000000000000000000000000000000000000000000000000000000000000000000000000000000000000000",
                "num_occ":   "214840",
                "is_dst":    "false"
            }
    ],
    "r15": [
            {
                "prev_dist": "000000000000",
                "patt_val":  "7fcd48bbb040",
                "delta":     "-000000000040",
                "num_occ":   "24999",
                "is_dst":    "false"
            },
            {
                "prev_dist": "0000001869c0",
                "patt_val":  "7fcd48bbb040",
                "delta":     "-000000000040",
                "num_occ":   "24999",
                "is_dst":    "false"
            },
            {
                "prev_dist": "0000001869c0",
                "patt_val":  "7fcd48bbb040",
                "delta":     "-000000000040",
                "num_occ":   "24999",
                "is_dst":    "false"
            },
            {
                "prev_dist": "0000001869c0",
                "patt_val":  "7fcd48bbb040",
                "delta":     "-000000000040",
                "num_occ":   "24999",
                "is_dst":    "false"
            },
            {
                "prev_dist": "0000001869c0",
                "patt_val":  "7fcd48bbb040",
                "delta":     "-000000000040",
                "num_occ":   "24999",
                "is_dst":    "false"
            },
            {
                "prev_dist": "0000001869c0",
                "patt_val":  "7fcd48bbb040",
                "delta":     "-000000000040",
                "num_occ":   "24999",
                "is_dst":    "false"
            },
            {
                "prev_dist": "0000001869c0",
                "patt_val":  "7fcd48bbb040",
                "delta":     "-000000000040",
                "num_occ":   "24999",
                "is_dst":    "false"
            },
            {
                "prev_dist": "0000001869c0",
                "patt_val":  "7fcd48bbb040",
                "delta":     "-000000000040",
                "num_occ":   "24999",
                "is_dst":    "false"
            },
            {
                "prev_dist": "0000001869c0",
                "patt_val":  "7fcd48bbb040",
                "delta":     "-000000000040",
                "num_occ":   "24999",
                "is_dst":    "false"
            },
            {
                "prev_dist": "0000001869c0",
                "patt_val":  "7fcd48bbb040",
                "delta":     "-000000000040",
                "num_occ":   "24999",
                "is_dst":    "false"
            },
            {
                "prev_dist": "0000001869c0",
                "patt_val":  "7fcd48bbb040",
                "delta":     "-000000000040",
                "num_occ":   "24999",
                "is_dst":    "false"
            },
            {
                "prev_dist": "0000001869c0",
                "patt_val":  "7fcd48bbb040",
                "delta":     "-000000000080",
                "num_occ":   "12499",
                "is_dst":    "false"
            },
            {
                "prev_dist": "000000186980",
                "patt_val":  "7fcd48bbb040",
                "delta":     "-000000000080",
                "num_occ":   "12499",
                "is_dst":    "false"
            },
            {
                "prev_dist": "000000186980",
                "patt_val":  "7fcd48bbb040",
                "delta":     "-000000000080",
                "num_occ":   "12499",
                "is_dst":    "false"
            },
            {
                "prev_dist": "000000186980",
                "patt_val":  "7fcd48bbb040",
                "delta":     "-000000000080",
                "num_occ":   "12499",
                "is_dst":    "false"
            },
            {
                "prev_dist": "000000186980",
                "patt_val":  "7fcd48bbb040",
                "delta":     "-000000000080",
                "num_occ":   "12499",
                "is_dst":    "false"
            },
            {
                "prev_dist": "000000186980",
                "patt_val":  "7fcd48bbb040",
                "delta":     "-000000000080",
                "num_occ":   "12499",
                "is_dst":    "false"
            },
            {
                "prev_dist": "000000186980",
                "patt_val":  "7fcd48bbb040",
                "delta":     "-000000000080",
                "num_occ":   "12499",
                "is_dst":    "false"
            },
            {
                "prev_dist": "000000186980",
                "patt_val":  "7fcd48bbb040",
                "delta":     "-000000000080",
                "num_occ":   "12499",
                "is_dst":    "false"
            },
            {
                "prev_dist": "000000186980",
                "patt_val":  "7fcd48bbb040",
                "delta":     "-000000000080",
                "num_occ":   "12499",
                "is_dst":    "false"
            },
            {
                "prev_dist": "000000186980",
                "patt_val":  "7fcd48bbb040",
                "delta":     "-000000000080",
                "num_occ":   "12499",
                "is_dst":    "false"
            },
            {
                "prev_dist": "000000186980",
                "patt_val":  "7fcd48bbb040",
                "delta":     "-000000000080",
                "num_occ":   "12499",
                "is_dst":    "false"
            },
            {
                "prev_dist": "000000186980",
                "patt_val":  "7fcd48bbb040",
                "delta":     "-000000000100",
                "num_occ":   "62499",
                "is_dst":    "false"
            },
            {
                "prev_dist": "000000f42300",
                "patt_val":  "7fcd48bbb040",
                "delta":     "-000000000100",
                "num_occ":   "62499",
                "is_dst":    "false"
            },
            {
                "prev_dist": "000000f42300",
                "patt_val":  "7fcd48bbb040",
                "delta":     "-000000000100",
                "num_occ":   "62499",
                "is_dst":    "false"
            },
            {
                "prev_dist": "000000f42300",
                "patt_val":  "7fcd48bbb040",
                "delta":     "-000000000100",
                "num_occ":   "62499",
                "is_dst":    "false"
            },
            {
                "prev_dist": "000000f42300",
                "patt_val":  "7fcd48bbb040",
                "delta":     "-000000000100",
                "num_occ":   "62499",
                "is_dst":    "false"
            },
            {
                "prev_dist": "000000f42300",
                "patt_val":  "7fcd48bbb040",
                "delta":     "-000000000100",
                "num_occ":   "62499",
                "is_dst":    "false"
            },
            {
                "prev_dist": "000000f42300",
                "patt_val":  "7fcd48bbb040",
                "delta":     "-000000000100",
                "num_occ":   "62499",
                "is_dst":    "false"
            },
            {
                "prev_dist": "000000f42300",
                "patt_val":  "7fcd48bbb040",
                "delta":     "-000000000100",
                "num_occ":   "62499",
                "is_dst":    "false"
            },
            {
                "prev_dist": "000000f42300",
                "patt_val":  "7fcd48bbb040",
                "delta":     "-000000000100",
                "num_occ":   "62499",
                "is_dst":    "false"
            },
            {
                "prev_dist": "000000f42300",
                "patt_val":  "7fcd48bbb040",
                "delta":     "-000000000100",
                "num_occ":   "62499",
                "is_dst":    "false"
            },
            {
                "prev_dist": "000000f42300",
                "patt_val":  "7fcd48bbb040",
                "delta":     "-000000000100",
                "num_occ":   "62499",
                "is_dst":    "false"
            },
            {
                "prev_dist": "000000f42300",
                "patt_val":  "7fcd48bbb040",
                "delta":     "-000000000200",
                "num_occ":   "31249",
                "is_dst":    "false"
            },
            {
                "prev_dist": "000000f42200",
                "patt_val":  "7fcd48bbb040",
                "delta":     "-000000000200",
                "num_occ":   "31249",
                "is_dst":    "false"
            },
            {
                "prev_dist": "000000f42200",
                "patt_val":  "7fcd48bbb040",
                "delta":     "-000000000200",
                "num_occ":   "31249",
                "is_dst":    "false"
            },
            {
                "prev_dist": "000000f42200",
                "patt_val":  "7fcd48bbb040",
                "delta":     "-000000000200",
                "num_occ":   "31249",
                "is_dst":    "false"
            },
            {
                "prev_dist": "000000f42200",
                "patt_val":  "7fcd48bbb040",
                "delta":     "-000000000200",
                "num_occ":   "31249",
                "is_dst":    "false"
            },
            {
                "prev_dist": "000000f42200",
                "patt_val":  "7fcd48bbb040",
                "delta":     "-000000000200",
                "num_occ":   "31249",
                "is_dst":    "false"
            },
            {
                "prev_dist": "000000f42200",
                "patt_val":  "7fcd48bbb040",
                "delta":     "-000000000200",
                "num_occ":   "31249",
                "is_dst":    "false"
            },
            {
                "prev_dist": "000000f42200",
                "patt_val":  "7fcd48bbb040",
                "delta":     "-000000000200",
                "num_occ":   "31249",
                "is_dst":    "false"
            },
            {
                "prev_dist": "000000f42200",
                "patt_val":  "7fcd48bbb040",
                "delta":     "-000000000200",
                "num_occ":   "31249",
                "is_dst":    "false"
            },
            {
                "prev_dist": "000000f42200",
                "patt_val":  "7fcd48bbb040",
                "delta":     "-000000000200",
                "num_occ":   "31249",
                "is_dst":    "false"
            },
            {
                "prev_dist": "000000f42200",
                "patt_val":  "7fcd48bbb040",
                "delta":     "-000000000200",
                "num_occ":   "31249",
                "is_dst":    "false"
            },
            {
                "prev_dist": "000000f42200",
                "patt_val":  "7fcd48bbb040",
                "delta":     "-000000000400",
                "num_occ":   "15624",
                "is_dst":    "false"
            },
            {
                "prev_dist": "000000f42000",
                "patt_val":  "7fcd48bbb040",
                "delta":     "-000000000400",
                "num_occ":   "15624",
                "is_dst":    "false"
            },
            {
                "prev_dist": "000000f42000",
                "patt_val":  "7fcd48bbb040",
                "delta":     "-000000000400",
                "num_occ":   "15624",
                "is_dst":    "false"
            },
            {
                "prev_dist": "000000f42000",
                "patt_val":  "7fcd48bbb040",
                "delta":     "-000000000400",
                "num_occ":   "15624",
                "is_dst":    "false"
            },
            {
                "prev_dist": "000000f42000",
                "patt_val":  "7fcd48bbb040",
                "delta":     "-000000000400",
                "num_occ":   "15624",
                "is_dst":    "false"
            },
            {
                "prev_dist": "000000f42000",
                "patt_val":  "7fcd48bbb040",
                "delta":     "-000000000400",
                "num_occ":   "15624",
                "is_dst":    "false"
            },
            {
                "prev_dist": "000000f42000",
                "patt_val":  "7fcd48bbb040",
                "delta":     "-000000000400",
                "num_occ":   "15624",
                "is_dst":    "false"
            },
            {
                "prev_dist": "000000f42000",
                "patt_val":  "7fcd48bbb040",
                "delta":     "-000000000400",
                "num_occ":   "15624",
                "is_dst":    "false"
            },
            {
                "prev_dist": "000000f42000",
                "patt_val":  "7fcd48bbb040",
                "delta":     "-000000000400",
                "num_occ":   "15624",
                "is_dst":    "false"
            },
            {
                "prev_dist": "000000f42000",
                "patt_val":  "7fcd48bbb040",
                "delta":     "-000000000400",
                "num_occ":   "15624",
                "is_dst":    "false"
            },
            {
                "prev_dist": "000000f42000",
                "patt_val":  "7fcd48bbb040",
                "delta":     "-000000000400",
                "num_occ":   "15624",
                "is_dst":    "false"
            },
            {
                "prev_dist": "000000f42000",
                "patt_val":  "7fcd48bbb040",
                "delta":     "-000000000800",
                "num_occ":   "78124",
                "is_dst":    "false"
            },
            {
                "prev_dist": "000009896000",
                "patt_val":  "7fcd48bbb040",
                "delta":     "-000000000800",
                "num_occ":   "78124",
                "is_dst":    "false"
            },
            {
                "prev_dist": "000009896000",
                "patt_val":  "7fcd48bbb040",
                "delta":     "-000000000800",
                "num_occ":   "78124",
                "is_dst":    "false"
            },
            {
                "prev_dist": "000009896000",
                "patt_val":  "7fcd48bbb040",
                "delta":     "-000000000800",
                "num_occ":   "78124",
                "is_dst":    "false"
            },
            {
                "prev_dist": "000009896000",
                "patt_val":  "7fcd48bbb040",
                "delta":     "-000000000800",
                "num_occ":   "78124",
                "is_dst":    "false"
            },
            {
                "prev_dist": "000009896000",
                "patt_val":  "7fcd48bbb040",
                "delta":     "-000000000800",
                "num_occ":   "78124",
                "is_dst":    "false"
            },
            {
                "prev_dist": "000009896000",
                "patt_val":  "7fcd48bbb040",
                "delta":     "-000000000800",
                "num_occ":   "78124",
                "is_dst":    "false"
            },
            {
                "prev_dist": "000009896000",
                "patt_val":  "7fcd48bbb040",
                "delta":     "-000000000800",
                "num_occ":   "78124",
                "is_dst":    "false"
            },
            {
                "prev_dist": "000009896000",
                "patt_val":  "7fcd48bbb040",
                "delta":     "-000000000800",
                "num_occ":   "78124",
                "is_dst":    "false"
            },
            {
                "prev_dist": "000009896000",
                "patt_val":  "7fcd48bbb040",
                "delta":     "-000000000800",
                "num_occ":   "78124",
                "is_dst":    "false"
            },
            {
                "prev_dist": "000009896000",
                "patt_val":  "7fcd48bbb040",
                "delta":     "-000000000800",
                "num_occ":   "78124",
                "is_dst":    "false"
            },
            {
                "prev_dist": "000009896000",
                "patt_val":  "7fcd48bbb040",
                "delta":     "-000000001000",
                "num_occ":   "39061",
                "is_dst":    "false"
            },
            {
                "prev_dist": "000009895000",
                "patt_val":  "7fcd48bbb040",
                "delta":     "-000000001000",
                "num_occ":   "39061",
                "is_dst":    "false"
            },
            {
                "prev_dist": "000009895000",
                "patt_val":  "7fcd48bbb040",
                "delta":     "-000000001000",
                "num_occ":   "39061",
                "is_dst":    "false"
            },
            {
                "prev_dist": "000009895000",
                "patt_val":  "7fcd48bbb040",
                "delta":     "-000000001000",
                "num_occ":   "39061",
                "is_dst":    "false"
            },
            {
                "prev_dist": "000009895000",
                "patt_val":  "7fcd48bbb040",
                "delta":     "-000000001000",
                "num_occ":   "39061",
                "is_dst":    "false"
            },
            {
                "prev_dist": "000009895000",
                "patt_val":  "7fcd48bbb040",
                "delta":     "-000000001000",
                "num_occ":   "39061",
                "is_dst":    "false"
            },
            {
                "prev_dist": "000009895000",
                "patt_val":  "7fcd48bbb040",
                "delta":     "-000000001000",
                "num_occ":   "39061",
                "is_dst":    "false"
            },
            {
                "prev_dist": "000009895000",
                "patt_val":  "7fcd48bbb040",
                "delta":     "-000000001000",
                "num_occ":   "39061",
                "is_dst":    "false"
            },
            {
                "prev_dist": "000009895000",
                "patt_val":  "7fcd48bbb040",
                "delta":     "-000000001000",
                "num_occ":   "39061",
                "is_dst":    "false"
            },
            {
                "prev_dist": "000009895000",
                "patt_val":  "7fcd48bbb040",
                "delta":     "-000000001000",
                "num_occ":   "39061",
                "is_dst":    "false"
            },
            {
                "prev_dist": "000009895000",
                "patt_val":  "7fcd48bbb040",
                "delta":     "-000000001000",
                "num_occ":   "39061",
                "is_dst":    "false"
            },
            {
                "prev_dist": "000009895000",
                "patt_val":  "7fcd48bbb040",
                "delta":     "-000000002000",
                "num_occ":   "19530",
                "is_dst":    "false"
            },
            {
                "prev_dist": "000009894000",
                "patt_val":  "7fcd48bbb040",
                "delta":     "-000000002000",
                "num_occ":   "19530",
                "is_dst":    "false"
            },
            {
                "prev_dist": "000009894000",
                "patt_val":  "7fcd48bbb040",
                "delta":     "-000000002000",
                "num_occ":   "19530",
                "is_dst":    "false"
            },
            {
                "prev_dist": "000009894000",
                "patt_val":  "7fcd48bbb040",
                "delta":     "-000000002000",
                "num_occ":   "19530",
                "is_dst":    "false"
            },
            {
                "prev_dist": "000009894000",
                "patt_val":  "7fcd48bbb040",
                "delta":     "-000000002000",
                "num_occ":   "19530",
                "is_dst":    "false"
            },
            {
                "prev_dist": "000009894000",
                "patt_val":  "7fcd48bbb040",
                "delta":     "-000000002000",
                "num_occ":   "19530",
                "is_dst":    "false"
            },
            {
                "prev_dist": "000009894000",
                "patt_val":  "7fcd48bbb040",
                "delta":     "-000000002000",
                "num_occ":   "19530",
                "is_dst":    "false"
            },
            {
                "prev_dist": "000009894000",
                "patt_val":  "7fcd48bbb040",
                "delta":     "-000000002000",
                "num_occ":   "19530",
                "is_dst":    "false"
            },
            {
                "prev_dist": "000009894000",
                "patt_val":  "7fcd48bbb040",
                "delta":     "-000000002000",
                "num_occ":   "19530",
                "is_dst":    "false"
            },
            {
                "prev_dist": "000009894000",
                "patt_val":  "7fcd48bbb040",
                "delta":     "-000000002000",
                "num_occ":   "19530",
                "is_dst":    "false"
            },
            {
                "prev_dist": "000009894000",
                "patt_val":  "7fcd48bbb040",
                "delta":     "-000000002000",
                "num_occ":   "19530",
                "is_dst":    "false"
            }
    ],
    "zmm3": [
            {
                "prev_dist": "00000000000000000000000000000000000000000000000000000000000000000000000000000000000000000000000000000000000000000000000000000000",
                "patt_val":  "00000000000000000000000000000000000000000000000000000000000000000000000000000000000000000000000000000000000000000000000000000000",
                "delta":     "00000000000000000000000000000000000000000000000000000000000000000000000000000000000000000000000000000000000000000000000000000000",
                "num_occ":   "3119522",
                "is_dst":    "true"
            }
    ],
    "k1": [
            {
                "prev_dist": "000000000000",
                "patt_val":  "00000000ffff",
                "delta":     "000000000000",
                "num_occ":   "3119522",
                "is_dst":    "true"
            }
    ]},
"vscatterqpd": {
    "k1": [
            {
                "prev_dist": "000000000000",
                "patt_val":  "0000000000ff",
                "delta":     "000000000000",
                "num_occ":   "3119522",
                "is_dst":    "true"
            }
    ],
    "zmm5": [
            {
                "prev_dist": "00000000000000000000000000000000000000000000000000000000000000000000000000000000000000000000000000000000000000000000000000000000",
                "patt_val":  "00000000000000000000000000000000000000000000000000000000000000000000000000000000000000000000000000000000000000000000000000000000",
                "delta":     "00000000000000000000000000000000000000000000000000000000000000000000000000000000000000000000000000000000000000000000000000000000",
                "num_occ":   "3119522",
                "is_dst":    "false"
            }
    ],
    "r15": [
            {
                "prev_dist": "000000000000",
                "patt_val":  "7fcd48bbb040",
                "delta":     "-000000000040",
                "num_occ":   "24999",
                "is_dst":    "true"
            },
            {
                "prev_dist": "0000001869c0",
                "patt_val":  "7fcd48bbb040",
                "delta":     "-000000000040",
                "num_occ":   "24999",
                "is_dst":    "true"
            },
            {
                "prev_dist": "0000001869c0",
                "patt_val":  "7fcd48bbb040",
                "delta":     "-000000000040",
                "num_occ":   "24999",
                "is_dst":    "true"
            },
            {
                "prev_dist": "0000001869c0",
                "patt_val":  "7fcd48bbb040",
                "delta":     "-000000000040",
                "num_occ":   "24999",
                "is_dst":    "true"
            },
            {
                "prev_dist": "0000001869c0",
                "patt_val":  "7fcd48bbb040",
                "delta":     "-000000000040",
                "num_occ":   "24999",
                "is_dst":    "true"
            },
            {
                "prev_dist": "0000001869c0",
                "patt_val":  "7fcd48bbb040",
                "delta":     "-000000000040",
                "num_occ":   "24999",
                "is_dst":    "true"
            },
            {
                "prev_dist": "0000001869c0",
                "patt_val":  "7fcd48bbb040",
                "delta":     "-000000000040",
                "num_occ":   "24999",
                "is_dst":    "true"
            },
            {
                "prev_dist": "0000001869c0",
                "patt_val":  "7fcd48bbb040",
                "delta":     "-000000000040",
                "num_occ":   "24999",
                "is_dst":    "true"
            },
            {
                "prev_dist": "0000001869c0",
                "patt_val":  "7fcd48bbb040",
                "delta":     "-000000000040",
                "num_occ":   "24999",
                "is_dst":    "true"
            },
            {
                "prev_dist": "0000001869c0",
                "patt_val":  "7fcd48bbb040",
                "delta":     "-000000000040",
                "num_occ":   "24999",
                "is_dst":    "true"
            },
            {
                "prev_dist": "0000001869c0",
                "patt_val":  "7fcd48bbb040",
                "delta":     "-000000000040",
                "num_occ":   "24999",
                "is_dst":    "true"
            },
            {
                "prev_dist": "0000001869c0",
                "patt_val":  "7fcd48bbb040",
                "delta":     "-000000000080",
                "num_occ":   "12499",
                "is_dst":    "true"
            },
            {
                "prev_dist": "000000186980",
                "patt_val":  "7fcd48bbb040",
                "delta":     "-000000000080",
                "num_occ":   "12499",
                "is_dst":    "true"
            },
            {
                "prev_dist": "000000186980",
                "patt_val":  "7fcd48bbb040",
                "delta":     "-000000000080",
                "num_occ":   "12499",
                "is_dst":    "true"
            },
            {
                "prev_dist": "000000186980",
                "patt_val":  "7fcd48bbb040",
                "delta":     "-000000000080",
                "num_occ":   "12499",
                "is_dst":    "true"
            },
            {
                "prev_dist": "000000186980",
                "patt_val":  "7fcd48bbb040",
                "delta":     "-000000000080",
                "num_occ":   "12499",
                "is_dst":    "true"
            },
            {
                "prev_dist": "000000186980",
                "patt_val":  "7fcd48bbb040",
                "delta":     "-000000000080",
                "num_occ":   "12499",
                "is_dst":    "true"
            },
            {
                "prev_dist": "000000186980",
                "patt_val":  "7fcd48bbb040",
                "delta":     "-000000000080",
                "num_occ":   "12499",
                "is_dst":    "true"
            },
            {
                "prev_dist": "000000186980",
                "patt_val":  "7fcd48bbb040",
                "delta":     "-000000000080",
                "num_occ":   "12499",
                "is_dst":    "true"
            },
            {
                "prev_dist": "000000186980",
                "patt_val":  "7fcd48bbb040",
                "delta":     "-000000000080",
                "num_occ":   "12499",
                "is_dst":    "true"
            },
            {
                "prev_dist": "000000186980",
                "patt_val":  "7fcd48bbb040",
                "delta":     "-000000000080",
                "num_occ":   "12499",
                "is_dst":    "true"
            },
            {
                "prev_dist": "000000186980",
                "patt_val":  "7fcd48bbb040",
                "delta":     "-000000000080",
                "num_occ":   "12499",
                "is_dst":    "true"
            },
            {
                "prev_dist": "000000186980",
                "patt_val":  "7fcd48bbb040",
                "delta":     "-000000000100",
                "num_occ":   "62499",
                "is_dst":    "true"
            },
            {
                "prev_dist": "000000f42300",
                "patt_val":  "7fcd48bbb040",
                "delta":     "-000000000100",
                "num_occ":   "62499",
                "is_dst":    "true"
            },
            {
                "prev_dist": "000000f42300",
                "patt_val":  "7fcd48bbb040",
                "delta":     "-000000000100",
                "num_occ":   "62499",
                "is_dst":    "true"
            },
            {
                "prev_dist": "000000f42300",
                "patt_val":  "7fcd48bbb040",
                "delta":     "-000000000100",
                "num_occ":   "62499",
                "is_dst":    "true"
            },
            {
                "prev_dist": "000000f42300",
                "patt_val":  "7fcd48bbb040",
                "delta":     "-000000000100",
                "num_occ":   "62499",
                "is_dst":    "true"
            },
            {
                "prev_dist": "000000f42300",
                "patt_val":  "7fcd48bbb040",
                "delta":     "-000000000100",
                "num_occ":   "62499",
                "is_dst":    "true"
            },
            {
                "prev_dist": "000000f42300",
                "patt_val":  "7fcd48bbb040",
                "delta":     "-000000000100",
                "num_occ":   "62499",
                "is_dst":    "true"
            },
            {
                "prev_dist": "000000f42300",
                "patt_val":  "7fcd48bbb040",
                "delta":     "-000000000100",
                "num_occ":   "62499",
                "is_dst":    "true"
            },
            {
                "prev_dist": "000000f42300",
                "patt_val":  "7fcd48bbb040",
                "delta":     "-000000000100",
                "num_occ":   "62499",
                "is_dst":    "true"
            },
            {
                "prev_dist": "000000f42300",
                "patt_val":  "7fcd48bbb040",
                "delta":     "-000000000100",
                "num_occ":   "62499",
                "is_dst":    "true"
            },
            {
                "prev_dist": "000000f42300",
                "patt_val":  "7fcd48bbb040",
                "delta":     "-000000000100",
                "num_occ":   "62499",
                "is_dst":    "true"
            },
            {
                "prev_dist": "000000f42300",
                "patt_val":  "7fcd48bbb040",
                "delta":     "-000000000200",
                "num_occ":   "31249",
                "is_dst":    "true"
            },
            {
                "prev_dist": "000000f42200",
                "patt_val":  "7fcd48bbb040",
                "delta":     "-000000000200",
                "num_occ":   "31249",
                "is_dst":    "true"
            },
            {
                "prev_dist": "000000f42200",
                "patt_val":  "7fcd48bbb040",
                "delta":     "-000000000200",
                "num_occ":   "31249",
                "is_dst":    "true"
            },
            {
                "prev_dist": "000000f42200",
                "patt_val":  "7fcd48bbb040",
                "delta":     "-000000000200",
                "num_occ":   "31249",
                "is_dst":    "true"
            },
            {
                "prev_dist": "000000f42200",
                "patt_val":  "7fcd48bbb040",
                "delta":     "-000000000200",
                "num_occ":   "31249",
                "is_dst":    "true"
            },
            {
                "prev_dist": "000000f42200",
                "patt_val":  "7fcd48bbb040",
                "delta":     "-000000000200",
                "num_occ":   "31249",
                "is_dst":    "true"
            },
            {
                "prev_dist": "000000f42200",
                "patt_val":  "7fcd48bbb040",
                "delta":     "-000000000200",
                "num_occ":   "31249",
                "is_dst":    "true"
            },
            {
                "prev_dist": "000000f42200",
                "patt_val":  "7fcd48bbb040",
                "delta":     "-000000000200",
                "num_occ":   "31249",
                "is_dst":    "true"
            },
            {
                "prev_dist": "000000f42200",
                "patt_val":  "7fcd48bbb040",
                "delta":     "-000000000200",
                "num_occ":   "31249",
                "is_dst":    "true"
            },
            {
                "prev_dist": "000000f42200",
                "patt_val":  "7fcd48bbb040",
                "delta":     "-000000000200",
                "num_occ":   "31249",
                "is_dst":    "true"
            },
            {
                "prev_dist": "000000f42200",
                "patt_val":  "7fcd48bbb040",
                "delta":     "-000000000200",
                "num_occ":   "31249",
                "is_dst":    "true"
            },
            {
                "prev_dist": "000000f42200",
                "patt_val":  "7fcd48bbb040",
                "delta":     "-000000000400",
                "num_occ":   "15624",
                "is_dst":    "true"
            },
            {
                "prev_dist": "000000f42000",
                "patt_val":  "7fcd48bbb040",
                "delta":     "-000000000400",
                "num_occ":   "15624",
                "is_dst":    "true"
            },
            {
                "prev_dist": "000000f42000",
                "patt_val":  "7fcd48bbb040",
                "delta":     "-000000000400",
                "num_occ":   "15624",
                "is_dst":    "true"
            },
            {
                "prev_dist": "000000f42000",
                "patt_val":  "7fcd48bbb040",
                "delta":     "-000000000400",
                "num_occ":   "15624",
                "is_dst":    "true"
            },
            {
                "prev_dist": "000000f42000",
                "patt_val":  "7fcd48bbb040",
                "delta":     "-000000000400",
                "num_occ":   "15624",
                "is_dst":    "true"
            },
            {
                "prev_dist": "000000f42000",
                "patt_val":  "7fcd48bbb040",
                "delta":     "-000000000400",
                "num_occ":   "15624",
                "is_dst":    "true"
            },
            {
                "prev_dist": "000000f42000",
                "patt_val":  "7fcd48bbb040",
                "delta":     "-000000000400",
                "num_occ":   "15624",
                "is_dst":    "true"
            },
            {
                "prev_dist": "000000f42000",
                "patt_val":  "7fcd48bbb040",
                "delta":     "-000000000400",
                "num_occ":   "15624",
                "is_dst":    "true"
            },
            {
                "prev_dist": "000000f42000",
                "patt_val":  "7fcd48bbb040",
                "delta":     "-000000000400",
                "num_occ":   "15624",
                "is_dst":    "true"
            },
            {
                "prev_dist": "000000f42000",
                "patt_val":  "7fcd48bbb040",
                "delta":     "-000000000400",
                "num_occ":   "15624",
                "is_dst":    "true"
            },
            {
                "prev_dist": "000000f42000",
                "patt_val":  "7fcd48bbb040",
                "delta":     "-000000000400",
                "num_occ":   "15624",
                "is_dst":    "true"
            },
            {
                "prev_dist": "000000f42000",
                "patt_val":  "7fcd48bbb040",
                "delta":     "-000000000800",
                "num_occ":   "78124",
                "is_dst":    "true"
            },
            {
                "prev_dist": "000009896000",
                "patt_val":  "7fcd48bbb040",
                "delta":     "-000000000800",
                "num_occ":   "78124",
                "is_dst":    "true"
            },
            {
                "prev_dist": "000009896000",
                "patt_val":  "7fcd48bbb040",
                "delta":     "-000000000800",
                "num_occ":   "78124",
                "is_dst":    "true"
            },
            {
                "prev_dist": "000009896000",
                "patt_val":  "7fcd48bbb040",
                "delta":     "-000000000800",
                "num_occ":   "78124",
                "is_dst":    "true"
            },
            {
                "prev_dist": "000009896000",
                "patt_val":  "7fcd48bbb040",
                "delta":     "-000000000800",
                "num_occ":   "78124",
                "is_dst":    "true"
            },
            {
                "prev_dist": "000009896000",
                "patt_val":  "7fcd48bbb040",
                "delta":     "-000000000800",
                "num_occ":   "78124",
                "is_dst":    "true"
            },
            {
                "prev_dist": "000009896000",
                "patt_val":  "7fcd48bbb040",
                "delta":     "-000000000800",
                "num_occ":   "78124",
                "is_dst":    "true"
            },
            {
                "prev_dist": "000009896000",
                "patt_val":  "7fcd48bbb040",
                "delta":     "-000000000800",
                "num_occ":   "78124",
                "is_dst":    "true"
            },
            {
                "prev_dist": "000009896000",
                "patt_val":  "7fcd48bbb040",
                "delta":     "-000000000800",
                "num_occ":   "78124",
                "is_dst":    "true"
            },
            {
                "prev_dist": "000009896000",
                "patt_val":  "7fcd48bbb040",
                "delta":     "-000000000800",
                "num_occ":   "78124",
                "is_dst":    "true"
            },
            {
                "prev_dist": "000009896000",
                "patt_val":  "7fcd48bbb040",
                "delta":     "-000000000800",
                "num_occ":   "78124",
                "is_dst":    "true"
            },
            {
                "prev_dist": "000009896000",
                "patt_val":  "7fcd48bbb040",
                "delta":     "-000000001000",
                "num_occ":   "39061",
                "is_dst":    "true"
            },
            {
                "prev_dist": "000009895000",
                "patt_val":  "7fcd48bbb040",
                "delta":     "-000000001000",
                "num_occ":   "39061",
                "is_dst":    "true"
            },
            {
                "prev_dist": "000009895000",
                "patt_val":  "7fcd48bbb040",
                "delta":     "-000000001000",
                "num_occ":   "39061",
                "is_dst":    "true"
            },
            {
                "prev_dist": "000009895000",
                "patt_val":  "7fcd48bbb040",
                "delta":     "-000000001000",
                "num_occ":   "39061",
                "is_dst":    "true"
            },
            {
                "prev_dist": "000009895000",
                "patt_val":  "7fcd48bbb040",
                "delta":     "-000000001000",
                "num_occ":   "39061",
                "is_dst":    "true"
            },
            {
                "prev_dist": "000009895000",
                "patt_val":  "7fcd48bbb040",
                "delta":     "-000000001000",
                "num_occ":   "39061",
                "is_dst":    "true"
            },
            {
                "prev_dist": "000009895000",
                "patt_val":  "7fcd48bbb040",
                "delta":     "-000000001000",
                "num_occ":   "39061",
                "is_dst":    "true"
            },
            {
                "prev_dist": "000009895000",
                "patt_val":  "7fcd48bbb040",
                "delta":     "-000000001000",
                "num_occ":   "39061",
                "is_dst":    "true"
            },
            {
                "prev_dist": "000009895000",
                "patt_val":  "7fcd48bbb040",
                "delta":     "-000000001000",
                "num_occ":   "39061",
                "is_dst":    "true"
            },
            {
                "prev_dist": "000009895000",
                "patt_val":  "7fcd48bbb040",
                "delta":     "-000000001000",
                "num_occ":   "39061",
                "is_dst":    "true"
            },
            {
                "prev_dist": "000009895000",
                "patt_val":  "7fcd48bbb040",
                "delta":     "-000000001000",
                "num_occ":   "39061",
                "is_dst":    "true"
            },
            {
                "prev_dist": "000009895000",
                "patt_val":  "7fcd48bbb040",
                "delta":     "-000000002000",
                "num_occ":   "19530",
                "is_dst":    "true"
            },
            {
                "prev_dist": "000009894000",
                "patt_val":  "7fcd48bbb040",
                "delta":     "-000000002000",
                "num_occ":   "19530",
                "is_dst":    "true"
            },
            {
                "prev_dist": "000009894000",
                "patt_val":  "7fcd48bbb040",
                "delta":     "-000000002000",
                "num_occ":   "19530",
                "is_dst":    "true"
            },
            {
                "prev_dist": "000009894000",
                "patt_val":  "7fcd48bbb040",
                "delta":     "-000000002000",
                "num_occ":   "19530",
                "is_dst":    "true"
            },
            {
                "prev_dist": "000009894000",
                "patt_val":  "7fcd48bbb040",
                "delta":     "-000000002000",
                "num_occ":   "19530",
                "is_dst":    "true"
            },
            {
                "prev_dist": "000009894000",
                "patt_val":  "7fcd48bbb040",
                "delta":     "-000000002000",
                "num_occ":   "19530",
                "is_dst":    "true"
            },
            {
                "prev_dist": "000009894000",
                "patt_val":  "7fcd48bbb040",
                "delta":     "-000000002000",
                "num_occ":   "19530",
                "is_dst":    "true"
            },
            {
                "prev_dist": "000009894000",
                "patt_val":  "7fcd48bbb040",
                "delta":     "-000000002000",
                "num_occ":   "19530",
                "is_dst":    "true"
            },
            {
                "prev_dist": "000009894000",
                "patt_val":  "7fcd48bbb040",
                "delta":     "-000000002000",
                "num_occ":   "19530",
                "is_dst":    "true"
            },
            {
                "prev_dist": "000009894000",
                "patt_val":  "7fcd48bbb040",
                "delta":     "-000000002000",
                "num_occ":   "19530",
                "is_dst":    "true"
            },
            {
                "prev_dist": "000009894000",
                "patt_val":  "7fcd48bbb040",
                "delta":     "-000000002000",
                "num_occ":   "19530",
                "is_dst":    "true"
            }
    ],
    "zmm4": [
            {
                "prev_dist": "00000000000000000000000000000000000000000000000000000000000000000000000000000000000000000000000000000000000000000000000000000000",
                "patt_val":  "00000000000000070000000000000006000000000000000500000000000000040000000000000003000000000000000200000000000000010000000000000000",
                "delta":     "00000000000000000000000000000000000000000000000000000000000000000000000000000000000000000000000000000000000000000000000000000000",
                "num_occ":   "274999",
                "is_dst":    "true"
            },
            {
                "prev_dist": "00000000000000070000000000000006000000000000000500000000000000040000000000000003000000000000000200000000000000010000000000000000",
                "patt_val":  "000000000000000e000000000000000c000000000000000a00000000000000080000000000000006000000000000000400000000000000020000000000000000",
                "delta":     "00000000000000000000000000000000000000000000000000000000000000000000000000000000000000000000000000000000000000000000000000000000",
                "num_occ":   "137499",
                "is_dst":    "true"
            },
            {
                "prev_dist": "000000000000000e000000000000000c000000000000000a00000000000000080000000000000006000000000000000400000000000000020000000000000000",
                "patt_val":  "000000000000001c000000000000001800000000000000140000000000000010000000000000000c000000000000000800000000000000040000000000000000",
                "delta":     "00000000000000000000000000000000000000000000000000000000000000000000000000000000000000000000000000000000000000000000000000000000",
                "num_occ":   "687499",
                "is_dst":    "true"
            },
            {
                "prev_dist": "000000000000001c000000000000001800000000000000140000000000000010000000000000000c000000000000000800000000000000040000000000000000",
                "patt_val":  "00000000000000380000000000000030000000000000002800000000000000200000000000000018000000000000001000000000000000080000000000000000",
                "delta":     "00000000000000000000000000000000000000000000000000000000000000000000000000000000000000000000000000000000000000000000000000000000",
                "num_occ":   "343749",
                "is_dst":    "true"
            },
            {
                "prev_dist": "00000000000000380000000000000030000000000000002800000000000000200000000000000018000000000000001000000000000000080000000000000000",
                "patt_val":  "00000000000000700000000000000060000000000000005000000000000000400000000000000030000000000000002000000000000000100000000000000000",
                "delta":     "00000000000000000000000000000000000000000000000000000000000000000000000000000000000000000000000000000000000000000000000000000000",
                "num_occ":   "171874",
                "is_dst":    "true"
            },
            {
                "prev_dist": "00000000000000700000000000000060000000000000005000000000000000400000000000000030000000000000002000000000000000100000000000000000",
                "patt_val":  "00000000000000e000000000000000c000000000000000a000000000000000800000000000000060000000000000004000000000000000200000000000000000",
                "delta":     "00000000000000000000000000000000000000000000000000000000000000000000000000000000000000000000000000000000000000000000000000000000",
                "num_occ":   "859374",
                "is_dst":    "true"
            },
            {
                "prev_dist": "00000000000000e000000000000000c000000000000000a000000000000000800000000000000060000000000000004000000000000000200000000000000000",
                "patt_val":  "00000000000001c000000000000001800000000000000140000000000000010000000000000000c0000000000000008000000000000000400000000000000000",
                "delta":     "00000000000000000000000000000000000000000000000000000000000000000000000000000000000000000000000000000000000000000000000000000000",
                "num_occ":   "429681",
                "is_dst":    "true"
            },
            {
                "prev_dist": "00000000000001c000000000000001800000000000000140000000000000010000000000000000c0000000000000008000000000000000400000000000000000",
                "patt_val":  "00000000000003800000000000000300000000000000028000000000000002000000000000000180000000000000010000000000000000800000000000000000",
                "delta":     "00000000000000000000000000000000000000000000000000000000000000000000000000000000000000000000000000000000000000000000000000000000",
                "num_occ":   "214840",
                "is_dst":    "true"
            }
    ]}}
END JSON DATA
FILE found.

Running Spatter version 0.4
Compiler: SPAT_C_NAME ver. "2021.3.0.20210609"
Compiler Location: "/net/tools/intel/oneapi/2021.3/compiler/2021.3.0/linux/bin/intel64/icc"
Backend: OPENMP
Aggregate Results? YES

Run Configurations
[ {'name':'UNIFORM', 'kernel':'Scatter', 'pattern':[0,1,2,3,4,5,6,7], 'delta':8, 'length':25000, 'agg':10, 'wrap':1, 'threads':1},
  {'name':'UNIFORM', 'kernel':'Scatter', 'pattern':[0,2,4,6,8,10,12,14], 'delta':16, 'length':12500, 'agg':10, 'wrap':1, 'threads':1},
  {'name':'UNIFORM', 'kernel':'Scatter', 'pattern':[0,4,8,12,16,20,24,28], 'delta':32, 'length':62500, 'agg':10, 'wrap':1, 'threads':1},
  {'name':'UNIFORM', 'kernel':'Scatter', 'pattern':[0,8,16,24,32,40,48,56], 'delta':64, 'length':31250, 'agg':10, 'wrap':1, 'threads':1},
  {'name':'UNIFORM', 'kernel':'Scatter', 'pattern':[0,16,32,48,64,80,96,112], 'delta':128, 'length':15625, 'agg':10, 'wrap':1, 'threads':1},
  {'name':'UNIFORM', 'kernel':'Scatter', 'pattern':[0,32,64,96,128,160,192,224], 'delta':256, 'length':78125, 'agg':10, 'wrap':1, 'threads':1},
  {'name':'UNIFORM', 'kernel':'Scatter', 'pattern':[0,64,128,192,256,320,384,448], 'delta':512, 'length':39062, 'agg':10, 'wrap':1, 'threads':1},
  {'name':'UNIFORM', 'kernel':'Scatter', 'pattern':[0,128,256,384,512,640,768,896], 'delta':1024, 'length':19531, 'agg':10, 'wrap':1, 'threads':1},
  {'name':'UNIFORM', 'kernel':'Gather', 'pattern':[0,1,2,3,4,5,6,7], 'delta':8, 'length':25000, 'agg':10, 'wrap':1, 'threads':1},
  {'name':'UNIFORM', 'kernel':'Gather', 'pattern':[0,2,4,6,8,10,12,14], 'delta':16, 'length':12500, 'agg':10, 'wrap':1, 'threads':1},
  {'name':'UNIFORM', 'kernel':'Gather', 'pattern':[0,4,8,12,16,20,24,28], 'delta':32, 'length':62500, 'agg':10, 'wrap':1, 'threads':1},
  {'name':'UNIFORM', 'kernel':'Gather', 'pattern':[0,8,16,24,32,40,48,56], 'delta':64, 'length':31250, 'agg':10, 'wrap':1, 'threads':1},
  {'name':'UNIFORM', 'kernel':'Gather', 'pattern':[0,16,32,48,64,80,96,112], 'delta':128, 'length':15625, 'agg':10, 'wrap':1, 'threads':1},
  {'name':'UNIFORM', 'kernel':'Gather', 'pattern':[0,32,64,96,128,160,192,224], 'delta':256, 'length':78125, 'agg':10, 'wrap':1, 'threads':1},
  {'name':'UNIFORM', 'kernel':'Gather', 'pattern':[0,64,128,192,256,320,384,448], 'delta':512, 'length':39062, 'agg':10, 'wrap':1, 'threads':1},
  {'name':'UNIFORM', 'kernel':'Gather', 'pattern':[0,128,256,384,512,640,768,896], 'delta':1024, 'length':19531, 'agg':10, 'wrap':1, 'threads':1} ]

config  time(s)      bw(MB/s)    
0       1.949        0.821125    
1       0.9785       0.817575    
2       4.9          0.816383    
3       2.449        0.816679    
4       1.225        0.816145    
5       6.136        0.814804    
6       3.077        0.812541    
7       1.546        0.808681    
8       1.999        0.800492    
9       0.9989       0.800871    
10      4.989        0.801815    
11      2.492        0.802416    
12      1.243        0.804387    
13      6.232        0.802271    
14      3.133        0.797961    
15      1.568        0.797052    

Min         25%          Med          75%          Max         
0.797052     0.801815     0.808681     0.816383     0.821125    
H.Mean       H.StdErr    
0.808124     0.0019598   
